\BOOKMARK [0][-]{chapter.1}{\376\377\000I\000n\000t\000r\000o\000d\000u\000c\000t\000i\000o\000n}{}% 1
\BOOKMARK [1][-]{section.1.1}{\376\377\000A\000i\000m\000s\000\040\000a\000n\000d\000\040\000O\000b\000j\000e\000c\000t\000i\000v\000e\000s}{chapter.1}% 2
\BOOKMARK [0][-]{chapter.2}{\376\377\000R\000e\000l\000a\000t\000e\000d\000\040\000w\000o\000r\000k}{}% 3
\BOOKMARK [1][-]{section.2.1}{\376\377\000E\000x\000p\000l\000a\000i\000n\000a\000b\000l\000e\000\040\000A\000I\000\040\000\050\000x\000A\000I\000\051}{chapter.2}% 4
\BOOKMARK [2][-]{subsection.2.1.1}{\376\377\000A\000t\000t\000e\000n\000t\000i\000o\000n\000\040\000M\000o\000d\000e\000l\000s}{section.2.1}% 5
\BOOKMARK [1][-]{section.2.2}{\376\377\000G\000A\000N\000\040\000m\000o\000d\000e\000l\000s}{chapter.2}% 6
\BOOKMARK [1][-]{section.2.3}{\376\377\000G\000e\000n\000e\000r\000a\000t\000i\000n\000g\000\040\000H\000a\000n\000d\000w\000r\000i\000t\000t\000e\000n\000\040\000T\000e\000x\000t}{chapter.2}% 7
\BOOKMARK [0][-]{chapter.3}{\376\377\000D\000a\000t\000a}{}% 8
\BOOKMARK [1][-]{section.3.1}{\376\377\000M\000N\000I\000S\000T}{chapter.3}% 9
\BOOKMARK [2][-]{subsection.3.1.1}{\376\377\000P\000r\000e\000-\000p\000r\000o\000c\000e\000s\000s\000i\000n\000g}{section.3.1}% 10
\BOOKMARK [2][-]{subsection.3.1.2}{\376\377\000V\000i\000s\000u\000a\000l\000i\000s\000a\000t\000i\000o\000n}{section.3.1}% 11
\BOOKMARK [1][-]{section.3.2}{\376\377\000I\000A\000M}{chapter.3}% 12
\BOOKMARK [2][-]{subsection.3.2.1}{\376\377\000P\000r\000e\000-\000p\000r\000o\000c\000e\000s\000s\000i\000n\000g}{section.3.2}% 13
\BOOKMARK [2][-]{subsection.3.2.2}{\376\377\000V\000i\000s\000u\000a\000l\000i\000s\000a\000t\000i\000o\000n}{section.3.2}% 14
\BOOKMARK [0][-]{chapter.4}{\376\377\000A\000p\000p\000r\000o\000a\000c\000h}{}% 15
\BOOKMARK [1][-]{section.4.1}{\376\377\000P\000r\000o\000j\000e\000c\000t\000\040\000s\000t\000r\000u\000c\000t\000u\000r\000e}{chapter.4}% 16
\BOOKMARK [1][-]{section.4.2}{\376\377\000P\000e\000r\000f\000o\000r\000m\000a\000n\000c\000e\000s\000\040\000a\000n\000d\000\040\000M\000e\000a\000s\000u\000r\000e\000m\000e\000n\000t\000s}{chapter.4}% 17
\BOOKMARK [0][-]{chapter.5}{\376\377\000D\000e\000s\000i\000g\000n\000\040\000a\000n\000d\000\040\000I\000m\000p\000l\000e\000m\000e\000n\000t\000a\000t\000i\000o\000n}{}% 18
\BOOKMARK [1][-]{section.5.1}{\376\377\000H\000n\000a\000d\000w\000r\000i\000t\000i\000n\000g\000\040\000G\000e\000n\000e\000r\000a\000t\000i\000o\000n}{chapter.5}% 19
\BOOKMARK [2][-]{subsection.5.1.1}{\376\377\000S\000c\000r\000a\000b\000b\000l\000e\000G\000A\000N}{section.5.1}% 20
\BOOKMARK [1][-]{section.5.2}{\376\377\000E\000x\000p\000l\000a\000i\000n\000a\000b\000i\000l\000i\000t\000y}{chapter.5}% 21
\BOOKMARK [2][-]{subsection.5.2.1}{\376\377\000E\000x\000t\000r\000a\000c\000t\000\040\000l\000a\000t\000e\000n\000t\000\040\000s\000p\000a\000c\000e\000\040\000s\000t\000r\000u\000c\000t\000u\000r\000e\000\040\000f\000r\000o\000m\000\040\000a\000\040\000t\000r\000a\000i\000n\000e\000d\000\040\000G\000A\000N}{section.5.2}% 22
\BOOKMARK [2][-]{subsection.5.2.2}{\376\377\000A\000t\000t\000e\000n\000t\000i\000o\000n\000\040\000M\000e\000c\000h\000a\000n\000i\000s\000m}{section.5.2}% 23
\BOOKMARK [2][-]{subsection.5.2.3}{\376\377\000I\000n\000f\000o\000G\000A\000N}{section.5.2}% 24
\BOOKMARK [0][-]{chapter.6}{\376\377\000E\000x\000p\000e\000r\000i\000m\000e\000n\000t\000s\000\040\000a\000n\000d\000\040\000R\000e\000s\000u\000l\000t\000s}{}% 25
\BOOKMARK [1][-]{section.6.1}{\376\377\000M\000N\000I\000S\000T\000\040\000r\000e\000s\000u\000l\000t\000s}{chapter.6}% 26
\BOOKMARK [2][-]{subsection.6.1.1}{\376\377\000G\000A\000N\000\040\000v\000s\000\040\000C\000G\000A\000N}{section.6.1}% 27
\BOOKMARK [2][-]{subsection.6.1.2}{\376\377\000A\000t\000t\000e\000n\000t\000i\000o\000n}{section.6.1}% 28
\BOOKMARK [2][-]{subsection.6.1.3}{\376\377\000I\000n\000f\000o\000G\000A\000N}{section.6.1}% 29
\BOOKMARK [1][-]{section.6.2}{\376\377\000S\000c\000r\000a\000b\000b\000l\000e\000G\000A\000N\000\040\000r\000e\000s\000u\000l\000t\000s}{chapter.6}% 30
\BOOKMARK [2][-]{subsection.6.2.1}{\376\377\000D\000i\000r\000e\000c\000t\000i\000o\000n\000s\000\040\000i\000n\000\040\000l\000a\000t\000e\000n\000t\000\040\000s\000p\000a\000c\000e}{section.6.2}% 31
\BOOKMARK [2][-]{subsection.6.2.2}{\376\377\000A\000t\000t\000e\000n\000t\000i\000o\000n}{section.6.2}% 32
\BOOKMARK [0][-]{chapter.7}{\376\377\000D\000i\000s\000c\000u\000s\000s\000i\000o\000n}{}% 33
\BOOKMARK [1][-]{subsection.7.0.1}{\376\377\000T\000h\000e\000\040\000b\000e\000n\000e\000f\000i\000t\000s\000\040\000o\000f\000\040\000e\000x\000p\000l\000a\000i\000n\000a\000b\000i\000l\000i\000t\000y}{chapter.7}% 34
\BOOKMARK [2][-]{subsection.7.0.2}{\376\377\000W\000h\000a\000t\000\040\000i\000s\000\040\000s\000t\000i\000l\000l\000\040\000m\000i\000s\000s\000i\000n\000g}{subsection.7.0.1}% 35
\BOOKMARK [1][-]{section.7.1}{\376\377\000F\000u\000t\000u\000r\000e\000\040\000W\000o\000r\000k}{chapter.7}% 36
\BOOKMARK [0][-]{appendix.A}{\376\377\000P\000e\000r\000s\000o\000n\000a\000l\000\040\000R\000e\000f\000l\000e\000c\000t\000i\000o\000n\000\040}{}% 37
\BOOKMARK [1][-]{section.A.1}{\376\377\000R\000e\000f\000l\000e\000c\000t\000i\000o\000n\000\040\000o\000n\000\040\000P\000r\000o\000j\000e\000c\000t}{appendix.A}% 38
\BOOKMARK [1][-]{section.A.2}{\376\377\000P\000e\000r\000s\000o\000n\000a\000l\000\040\000R\000e\000f\000l\000e\000c\000t\000i\000o\000n}{appendix.A}% 39
\BOOKMARK [0][-]{appendix.B}{\376\377\000A\000p\000p\000e\000n\000d\000i\000c\000e\000s}{}% 40
\BOOKMARK [1][-]{section.B.1}{\376\377\000S\000o\000m\000e\000\040\000i\000m\000p\000l\000e\000m\000e\000n\000t\000a\000t\000i\000o\000n\000\040\000n\000o\000t\000e\000s}{appendix.B}% 41
